#
# A fatal error has been detected by the Java Runtime Environment:
#
#  EXCEPTION_ACCESS_VIOLATION (0xc0000005) at pc=0x0000000076f8e4e4, pid=5716, tid=8108
#
# JRE version: Java(TM) SE Runtime Environment (8.0_25-b18) (build 1.8.0_25-b18)
# Java VM: Java HotSpot(TM) 64-Bit Server VM (25.25-b02 mixed mode windows-amd64 compressed oops)
# Problematic frame:
# C  [ntdll.dll+0x4e4e4]
#
# Failed to write core dump. Minidumps are not enabled by default on client versions of Windows
#
# If you would like to submit a bug report, please visit:
#   http://bugreport.sun.com/bugreport/crash.jsp
# The crash happened outside the Java Virtual Machine in native code.
# See problematic frame for where to report the bug.
#

---------------  T H R E A D  ---------------

Current thread (0x0000000056409800):  JavaThread "AWT-Windows" daemon [_thread_in_native, id=8108, stack(0x00000000566f0000,0x00000000567f0000)]

siginfo: ExceptionCode=0xc0000005, writing address 0x0000000000000024

Registers:
RAX=0x0000000000000000, RBX=0x000007fee27c9b18, RCX=0x00000000fffffffc, RDX=0x0000000000000460
RSP=0x00000000567ef020, RBP=0x0000000000000000, RSI=0x0000000000000460, RDI=0x0000000000000000
R8 =0x00000000567eef68, R9 =0x0000000000000004, R10=0x00000000770f05e0, R11=0x0000000000000246
R12=0x0000000000000000, R13=0x0000000000000000, R14=0x000007fffff9c000, R15=0x0000000000000000
RIP=0x0000000076f8e4e4, EFLAGS=0x0000000000010213

Top of Stack: (sp=0x00000000567ef020)
0x00000000567ef020:   fffffffffffffffe 0000000000000460
0x00000000567ef030:   000007fffff9c000 0000000076d285a0
0x00000000567ef040:   0000000000000000 0000000000000201
0x00000000567ef050:   0000000000000000 0000000000000001
0x00000000567ef060:   0000000000000000 0000000076d3201b
0x00000000567ef070:   00000000567ef148 0000000076d3201b
0x00000000567ef080:   0000000000000000 0000000002010001
0x00000000567ef090:   00000000008c6328 0000000076d371ca
0x00000000567ef0a0:   0000000056409800 00000000567ef368
0x00000000567ef0b0:   0000000000000004 0000000000000001
0x00000000567ef0c0:   00000000ff000000 0000000076f8e40b
0x00000000567ef0d0:   0000000000000000 00000000567ef260
0x00000000567ef0e0:   00000000546ef790 000007fee27c9b18
0x00000000567ef0f0:   00000000567ef260 000007fee2620bc3
0x00000000567ef100:   00000000567ef189 00000000ffffffff
0x00000000567ef110:   0000000000000201 0000002f00000058 

Instructions: (pc=0x0000000076f8e4e4)
0x0000000076f8e4c4:   0f b1 4b 08 0f 85 9b 47 fd ff 48 8b 03 4c 89 ac
0x0000000076f8e4d4:   24 c0 00 00 00 33 ed 45 33 ed 48 83 f8 ff 74 03
0x0000000076f8e4e4:   ff 40 24 ba 22 17 00 00 48 8d 3d 9d 8f 0e 00 80
0x0000000076f8e4f4:   3c 25 82 03 fe 7f 00 0f 85 b3 bd 01 00 48 83 fe 


Register to memory mapping:

RAX=0x0000000000000000 is an unknown value
RBX=0x000007fee27c9b18 is an unknown value
RCX=0x00000000fffffffc is an unallocated location in the heap
RDX=0x0000000000000460 is an unknown value
RSP=0x00000000567ef020 is pointing into the stack for thread: 0x0000000056409800
RBP=0x0000000000000000 is an unknown value
RSI=0x0000000000000460 is an unknown value
RDI=0x0000000000000000 is an unknown value
R8 =0x00000000567eef68 is pointing into the stack for thread: 0x0000000056409800
R9 =0x0000000000000004 is an unknown value
R10=0x00000000770f05e0 is an unknown value
R11=0x0000000000000246 is an unknown value
R12=0x0000000000000000 is an unknown value
R13=0x0000000000000000 is an unknown value
R14=0x000007fffff9c000 is an unknown value
R15=0x0000000000000000 is an unknown value


Stack: [0x00000000566f0000,0x00000000567f0000],  sp=0x00000000567ef020,  free space=1020k
Native frames: (J=compiled Java code, j=interpreted, Vv=VM code, C=native code)

Java frames: (J=compiled Java code, j=interpreted, Vv=VM code)
j  sun.awt.windows.WToolkit.eventLoop()V+0
j  sun.awt.windows.WToolkit.run()V+58
j  java.lang.Thread.run()V+11
v  ~StubRoutines::call_stub

---------------  P R O C E S S  ---------------

Java Threads: ( => current thread )
  0x000000005afd0800 JavaThread "TimerQueue" daemon [_thread_blocked, id=9324, stack(0x000000005cca0000,0x000000005cda0000)]
  0x000000005a4df800 JavaThread "D3D Screen Updater" daemon [_thread_blocked, id=8936, stack(0x000000005bf50000,0x000000005c050000)]
  0x000000000234e000 JavaThread "DestroyJavaVM" [_thread_blocked, id=6468, stack(0x00000000024a0000,0x00000000025a0000)]
  0x000000005648e000 JavaThread "AWT-EventQueue-0" [_thread_in_native, id=2836, stack(0x0000000059a80000,0x0000000059b80000)]
=>0x0000000056409800 JavaThread "AWT-Windows" daemon [_thread_in_native, id=8108, stack(0x00000000566f0000,0x00000000567f0000)]
  0x0000000056408800 JavaThread "AWT-Shutdown" [_thread_blocked, id=10076, stack(0x0000000056950000,0x0000000056a50000)]
  0x0000000056407800 JavaThread "Java2D Disposer" daemon [_thread_blocked, id=9344, stack(0x00000000567f0000,0x00000000568f0000)]
  0x0000000056120800 JavaThread "Service Thread" daemon [_thread_blocked, id=2500, stack(0x0000000055890000,0x0000000055990000)]
  0x0000000054d1c000 JavaThread "C1 CompilerThread1" daemon [_thread_blocked, id=8024, stack(0x0000000056000000,0x0000000056100000)]
  0x0000000054d1a000 JavaThread "C2 CompilerThread0" daemon [_thread_blocked, id=5620, stack(0x0000000055e90000,0x0000000055f90000)]
  0x0000000054d18800 JavaThread "Attach Listener" daemon [_thread_blocked, id=3552, stack(0x0000000055d20000,0x0000000055e20000)]
  0x0000000054d17800 JavaThread "Signal Dispatcher" daemon [_thread_blocked, id=8972, stack(0x0000000055b00000,0x0000000055c00000)]
  0x0000000054cb3800 JavaThread "Finalizer" daemon [_thread_blocked, id=9040, stack(0x00000000559e0000,0x0000000055ae0000)]
  0x0000000054cb0000 JavaThread "Reference Handler" daemon [_thread_blocked, id=9848, stack(0x0000000055770000,0x0000000055870000)]

Other Threads:
  0x0000000054caa800 VMThread [stack: 0x0000000055600000,0x0000000055700000] [id=5252]
  0x0000000056122800 WatcherThread [stack: 0x0000000056510000,0x0000000056610000] [id=6500]

VM state:not at safepoint (normal execution)

VM Mutex/Monitor currently owned by a thread: None

Heap:
 PSYoungGen      total 18944K, used 16531K [0x00000000ead80000, 0x00000000ed280000, 0x0000000100000000)
  eden space 16384K, 85% used [0x00000000ead80000,0x00000000ebb28dd8,0x00000000ebd80000)
  from space 2560K, 99% used [0x00000000ebd80000,0x00000000ebffc010,0x00000000ec000000)
  to   space 2560K, 0% used [0x00000000ed000000,0x00000000ed000000,0x00000000ed280000)
 ParOldGen       total 44032K, used 5600K [0x00000000c0800000, 0x00000000c3300000, 0x00000000ead80000)
  object space 44032K, 12% used [0x00000000c0800000,0x00000000c0d78338,0x00000000c3300000)
 Metaspace       used 10863K, capacity 11024K, committed 11136K, reserved 1058816K
  class space    used 1323K, capacity 1382K, committed 1408K, reserved 1048576K

Card table byte_map: [0x0000000011c30000,0x0000000011e30000] byte_map_base: 0x000000001162c000

Marking Bits: (ParMarkBitMap*) 0x000000005e9dd490
 Begin Bits: [0x00000000121c0000, 0x00000000131a0000)
 End Bits:   [0x00000000131a0000, 0x0000000014180000)

Polling page: 0x0000000000330000

CodeCache: size=245760Kb used=5563Kb max_used=5564Kb free=240196Kb
 bounds [0x0000000002870000, 0x0000000002df0000, 0x0000000011870000]
 total_blobs=2061 nmethods=1600 adapters=375
 compilation: enabled

Compilation events (10 events):
Event: 24.323 Thread 0x0000000054d1a000 1596       4       java.util.concurrent.locks.ReentrantLock::lock (8 bytes)
Event: 24.327 Thread 0x0000000054d1a000 nmethod 1596 0x0000000002da4cd0 code [0x0000000002da4e40, 0x0000000002da4fc8]
Event: 24.345 Thread 0x0000000054d1c000 1597       1       java.awt.EventDispatchThread$1::evaluate (2 bytes)
Event: 24.345 Thread 0x0000000054d1c000 nmethod 1597 0x0000000002da4a10 code [0x0000000002da4b60, 0x0000000002da4c70]
Event: 24.416 Thread 0x0000000054d1c000 1598   !   3       java.awt.Container::getMouseEventTargetImpl (255 bytes)
Event: 24.418 Thread 0x0000000054d1c000 nmethod 1598 0x0000000002dde150 code [0x0000000002dde3c0, 0x0000000002ddf7a8]
Event: 90.454 Thread 0x0000000054d1c000 1599       1       java.util.LinkedList::size (5 bytes)
Event: 90.454 Thread 0x0000000054d1c000 nmethod 1599 0x0000000002dd5190 code [0x0000000002dd52e0, 0x0000000002dd53f0]
Event: 91.042 Thread 0x0000000054d1c000 1600   !   3       java.awt.KeyboardFocusManager::getGlobalFocusOwner (20 bytes)
Event: 91.043 Thread 0x0000000054d1c000 nmethod 1600 0x0000000002dd4910 code [0x0000000002dd4ac0, 0x0000000002dd4f48]

GC Heap History (6 events):
Event: 3.077 GC heap before
{Heap before GC invocations=1 (full 0):
 PSYoungGen      total 18944K, used 16384K [0x00000000ead80000, 0x00000000ec280000, 0x0000000100000000)
  eden space 16384K, 100% used [0x00000000ead80000,0x00000000ebd80000,0x00000000ebd80000)
  from space 2560K, 0% used [0x00000000ec000000,0x00000000ec000000,0x00000000ec280000)
  to   space 2560K, 0% used [0x00000000ebd80000,0x00000000ebd80000,0x00000000ec000000)
 ParOldGen       total 44032K, used 0K [0x00000000c0800000, 0x00000000c3300000, 0x00000000ead80000)
  object space 44032K, 0% used [0x00000000c0800000,0x00000000c0800000,0x00000000c3300000)
 Metaspace       used 9634K, capacity 9794K, committed 9984K, reserved 1058816K
  class space    used 1204K, capacity 1253K, committed 1280K, reserved 1048576K
Event: 3.097 GC heap after
Heap after GC invocations=1 (full 0):
 PSYoungGen      total 18944K, used 2528K [0x00000000ead80000, 0x00000000ec280000, 0x0000000100000000)
  eden space 16384K, 0% used [0x00000000ead80000,0x00000000ead80000,0x00000000ebd80000)
  from space 2560K, 98% used [0x00000000ebd80000,0x00000000ebff8130,0x00000000ec000000)
  to   space 2560K, 0% used [0x00000000ec000000,0x00000000ec000000,0x00000000ec280000)
 ParOldGen       total 44032K, used 2820K [0x00000000c0800000, 0x00000000c3300000, 0x00000000ead80000)
  object space 44032K, 6% used [0x00000000c0800000,0x00000000c0ac1040,0x00000000c3300000)
 Metaspace       used 9634K, capacity 9794K, committed 9984K, reserved 1058816K
  class space    used 1204K, capacity 1253K, committed 1280K, reserved 1048576K
}
Event: 4.605 GC heap before
{Heap before GC invocations=2 (full 0):
 PSYoungGen      total 18944K, used 18912K [0x00000000ead80000, 0x00000000ec280000, 0x0000000100000000)
  eden space 16384K, 100% used [0x00000000ead80000,0x00000000ebd80000,0x00000000ebd80000)
  from space 2560K, 98% used [0x00000000ebd80000,0x00000000ebff8130,0x00000000ec000000)
  to   space 2560K, 0% used [0x00000000ec000000,0x00000000ec000000,0x00000000ec280000)
 ParOldGen       total 44032K, used 2820K [0x00000000c0800000, 0x00000000c3300000, 0x00000000ead80000)
  object space 44032K, 6% used [0x00000000c0800000,0x00000000c0ac1040,0x00000000c3300000)
 Metaspace       used 10041K, capacity 10152K, committed 10368K, reserved 1058816K
  class space    used 1249K, capacity 1286K, committed 1408K, reserved 1048576K
Event: 4.638 GC heap after
Heap after GC invocations=2 (full 0):
 PSYoungGen      total 18944K, used 2544K [0x00000000ead80000, 0x00000000ed280000, 0x0000000100000000)
  eden space 16384K, 0% used [0x00000000ead80000,0x00000000ead80000,0x00000000ebd80000)
  from space 2560K, 99% used [0x00000000ec000000,0x00000000ec27c010,0x00000000ec280000)
  to   space 2560K, 0% used [0x00000000ebd80000,0x00000000ebd80000,0x00000000ec000000)
 ParOldGen       total 44032K, used 5404K [0x00000000c0800000, 0x00000000c3300000, 0x00000000ead80000)
  object space 44032K, 12% used [0x00000000c0800000,0x00000000c0d47040,0x00000000c3300000)
 Metaspace       used 10041K, capacity 10152K, committed 10368K, reserved 1058816K
  class space    used 1249K, capacity 1286K, committed 1408K, reserved 1048576K
}
Event: 12.595 GC heap before
{Heap before GC invocations=3 (full 0):
 PSYoungGen      total 18944K, used 18928K [0x00000000ead80000, 0x00000000ed280000, 0x0000000100000000)
  eden space 16384K, 100% used [0x00000000ead80000,0x00000000ebd80000,0x00000000ebd80000)
  from space 2560K, 99% used [0x00000000ec000000,0x00000000ec27c010,0x00000000ec280000)
  to   space 2560K, 0% used [0x00000000ebd80000,0x00000000ebd80000,0x00000000ec000000)
 ParOldGen       total 44032K, used 5404K [0x00000000c0800000, 0x00000000c3300000, 0x00000000ead80000)
  object space 44032K, 12% used [0x00000000c0800000,0x00000000c0d47040,0x00000000c3300000)
 Metaspace       used 10821K, capacity 10960K, committed 11136K, reserved 1058816K
  class space    used 1319K, capacity 1382K, committed 1408K, reserved 1048576K
Event: 12.609 GC heap after
Heap after GC invocations=3 (full 0):
 PSYoungGen      total 18944K, used 2544K [0x00000000ead80000, 0x00000000ed280000, 0x0000000100000000)
  eden space 16384K, 0% used [0x00000000ead80000,0x00000000ead80000,0x00000000ebd80000)
  from space 2560K, 99% used [0x00000000ebd80000,0x00000000ebffc010,0x00000000ec000000)
  to   space 2560K, 0% used [0x00000000ed000000,0x00000000ed000000,0x00000000ed280000)
 ParOldGen       total 44032K, used 5600K [0x00000000c0800000, 0x00000000c3300000, 0x00000000ead80000)
  object space 44032K, 12% used [0x00000000c0800000,0x00000000c0d78338,0x00000000c3300000)
 Metaspace       used 10821K, capacity 10960K, committed 11136K, reserved 1058816K
  class space    used 1319K, capacity 1382K, committed 1408K, reserved 1048576K
}

Deoptimization events (10 events):
Event: 6.284 Thread 0x000000005648e000 Uncommon trap: reason=class_check action=maybe_recompile pc=0x0000000002a0ef4c method=java.lang.String.equals(Ljava/lang/Object;)Z @ 8
Event: 6.284 Thread 0x000000005648e000 Uncommon trap: reason=class_check action=maybe_recompile pc=0x0000000002a0ef4c method=java.lang.String.equals(Ljava/lang/Object;)Z @ 8
Event: 7.388 Thread 0x000000005648e000 Uncommon trap: reason=unreached action=reinterpret pc=0x0000000002b4b194 method=javax.swing.JComponent.getClientProperty(Ljava/lang/Object;)Ljava/lang/Object; @ 28
Event: 8.651 Thread 0x000000005648e000 Uncommon trap: reason=class_check action=maybe_recompile pc=0x0000000002b46f5c method=java.beans.PropertyChangeSupport.fire([Ljava/beans/PropertyChangeListener;Ljava/beans/PropertyChangeEvent;)V @ 27
Event: 8.714 Thread 0x000000005648e000 Uncommon trap: reason=class_check action=maybe_recompile pc=0x0000000002b47090 method=java.awt.Component.firePropertyChange(Ljava/lang/String;Ljava/lang/Object;Ljava/lang/Object;)V @ 43
Event: 8.714 Thread 0x000000005648e000 Uncommon trap: reason=class_check action=maybe_recompile pc=0x0000000002b47090 method=java.awt.Component.firePropertyChange(Ljava/lang/String;Ljava/lang/Object;Ljava/lang/Object;)V @ 43
Event: 8.714 Thread 0x000000005648e000 Uncommon trap: reason=class_check action=maybe_recompile pc=0x0000000002b47090 method=java.awt.Component.firePropertyChange(Ljava/lang/String;Ljava/lang/Object;Ljava/lang/Object;)V @ 43
Event: 8.714 Thread 0x000000005648e000 Uncommon trap: reason=class_check action=maybe_recompile pc=0x0000000002b47090 method=java.awt.Component.firePropertyChange(Ljava/lang/String;Ljava/lang/Object;Ljava/lang/Object;)V @ 43
Event: 24.409 Thread 0x000000005648e000 Uncommon trap: reason=unreached action=reinterpret pc=0x0000000002de4e20 method=java.awt.Container.getMouseEventTargetImpl(IIZLjava/awt/Container$EventTargetFilter;ZZ)Ljava/awt/Component; @ 151
Event: 24.409 Thread 0x000000005648e000 Uncommon trap: reason=unreached action=reinterpret pc=0x0000000002de4e20 method=java.awt.Container.getMouseEventTargetImpl(IIZLjava/awt/Container$EventTargetFilter;ZZ)Ljava/awt/Component; @ 151

Internal exceptions (10 events):
Event: 4.114 Thread 0x000000000234e000 Exception <a 'java/security/PrivilegedActionException'> (0x00000000eb521cf0) thrown at [D:\re\workspace\8-2-build-windows-amd64-cygwin\jdk8u25\1677\hotspot\src\share\vm\prims\jvm.cpp, line 1312]
Event: 4.115 Thread 0x000000000234e000 Exception <a 'java/security/PrivilegedActionException'> (0x00000000eb523440) thrown at [D:\re\workspace\8-2-build-windows-amd64-cygwin\jdk8u25\1677\hotspot\src\share\vm\prims\jvm.cpp, line 1312]
Event: 4.123 Thread 0x000000000234e000 Exception <a 'java/security/PrivilegedActionException'> (0x00000000eb524b90) thrown at [D:\re\workspace\8-2-build-windows-amd64-cygwin\jdk8u25\1677\hotspot\src\share\vm\prims\jvm.cpp, line 1312]
Event: 4.124 Thread 0x000000000234e000 Exception <a 'java/security/PrivilegedActionException'> (0x00000000eb5262e0) thrown at [D:\re\workspace\8-2-build-windows-amd64-cygwin\jdk8u25\1677\hotspot\src\share\vm\prims\jvm.cpp, line 1312]
Event: 4.125 Thread 0x000000000234e000 Exception <a 'java/security/PrivilegedActionException'> (0x00000000eb527a30) thrown at [D:\re\workspace\8-2-build-windows-amd64-cygwin\jdk8u25\1677\hotspot\src\share\vm\prims\jvm.cpp, line 1312]
Event: 4.126 Thread 0x000000000234e000 Exception <a 'java/security/PrivilegedActionException'> (0x00000000eb529190) thrown at [D:\re\workspace\8-2-build-windows-amd64-cygwin\jdk8u25\1677\hotspot\src\share\vm\prims\jvm.cpp, line 1312]
Event: 4.127 Thread 0x000000000234e000 Exception <a 'java/security/PrivilegedActionException'> (0x00000000eb52a928) thrown at [D:\re\workspace\8-2-build-windows-amd64-cygwin\jdk8u25\1677\hotspot\src\share\vm\prims\jvm.cpp, line 1312]
Event: 4.128 Thread 0x000000000234e000 Exception <a 'java/security/PrivilegedActionException'> (0x00000000eb52c170) thrown at [D:\re\workspace\8-2-build-windows-amd64-cygwin\jdk8u25\1677\hotspot\src\share\vm\prims\jvm.cpp, line 1312]
Event: 4.268 Thread 0x000000005648e000 Implicit null exception at 0x0000000002b4aa5f to 0x0000000002b4ac91
Event: 4.364 Thread 0x000000005648e000 Implicit null exception at 0x0000000002b5ee03 to 0x0000000002b5efcd

Events (10 events):
Event: 19.512 loading class java/awt/image/BufferedImageOp
Event: 19.513 loading class java/awt/image/BufferedImageOp done
Event: 24.409 Thread 0x000000005648e000 Uncommon trap: trap_request=0xffffffad fr.pc=0x0000000002de4e20
Event: 24.409 Thread 0x000000005648e000 DEOPT PACKING pc=0x0000000002de4e20 sp=0x0000000059b7d0f0
Event: 24.409 Thread 0x000000005648e000 DEOPT UNPACKING pc=0x00000000028b556a sp=0x0000000059b7cf50 mode 2
Event: 24.409 Thread 0x000000005648e000 Uncommon trap: trap_request=0xffffffad fr.pc=0x0000000002de4e20
Event: 24.409 Thread 0x000000005648e000 DEOPT PACKING pc=0x0000000002de4e20 sp=0x0000000059b7d1a0
Event: 24.409 Thread 0x000000005648e000 DEOPT UNPACKING pc=0x00000000028b556a sp=0x0000000059b7d000 mode 2
Event: 24.506 loading class java/awt/LightweightDispatcher$2
Event: 24.506 loading class java/awt/LightweightDispatcher$2 done


Dynamic libraries:
0x000000013fbc0000 - 0x000000013fbf4000 	C:\Program Files\Java\jdk1.8.0_25\bin\java.exe
0x0000000076f40000 - 0x00000000770e9000 	C:\Windows\SYSTEM32\ntdll.dll
0x0000000076e20000 - 0x0000000076f3f000 	C:\Windows\system32\kernel32.dll
0x000007fefd020000 - 0x000007fefd08c000 	C:\Windows\system32\KERNELBASE.dll
0x000007fefdc30000 - 0x000007fefdd0b000 	C:\Windows\system32\ADVAPI32.dll
0x000007fefd720000 - 0x000007fefd7bf000 	C:\Windows\system32\msvcrt.dll
0x000007fefd590000 - 0x000007fefd5af000 	C:\Windows\SYSTEM32\sechost.dll
0x000007fefdf20000 - 0x000007fefe04d000 	C:\Windows\system32\RPCRT4.dll
0x0000000076d20000 - 0x0000000076e1a000 	C:\Windows\system32\USER32.dll
0x000007fefe340000 - 0x000007fefe3a7000 	C:\Windows\system32\GDI32.dll
0x000007fefd9d0000 - 0x000007fefd9de000 	C:\Windows\system32\LPK.dll
0x000007fefd650000 - 0x000007fefd719000 	C:\Windows\system32\USP10.dll
0x000007fefb6d0000 - 0x000007fefb8c4000 	C:\Windows\WinSxS\amd64_microsoft.windows.common-controls_6595b64144ccf1df_6.0.7601.17514_none_fa396087175ac9ac\COMCTL32.dll
0x000007fefe3b0000 - 0x000007fefe421000 	C:\Windows\system32\SHLWAPI.dll
0x000007fefe430000 - 0x000007fefe45e000 	C:\Windows\system32\IMM32.DLL
0x000007fefd480000 - 0x000007fefd589000 	C:\Windows\system32\MSCTF.dll
0x00000000657a0000 - 0x0000000065872000 	C:\Program Files\Java\jdk1.8.0_25\jre\bin\msvcr100.dll
0x000000005e200000 - 0x000000005ea5a000 	C:\Program Files\Java\jdk1.8.0_25\jre\bin\server\jvm.dll
0x000007fef97d0000 - 0x000007fef97d9000 	C:\Windows\system32\WSOCK32.dll
0x000007feff200000 - 0x000007feff24d000 	C:\Windows\system32\WS2_32.dll
0x000007feff1f0000 - 0x000007feff1f8000 	C:\Windows\system32\NSI.dll
0x000007fefa980000 - 0x000007fefa9bb000 	C:\Windows\system32\WINMM.dll
0x0000000077110000 - 0x0000000077117000 	C:\Windows\system32\PSAPI.DLL
0x000000006ff30000 - 0x000000006ff3f000 	C:\Program Files\Java\jdk1.8.0_25\jre\bin\verify.dll
0x000000006ff00000 - 0x000000006ff28000 	C:\Program Files\Java\jdk1.8.0_25\jre\bin\java.dll
0x000000006fee0000 - 0x000000006fef6000 	C:\Program Files\Java\jdk1.8.0_25\jre\bin\zip.dll
0x000007fefe460000 - 0x000007feff1e9000 	C:\Windows\system32\SHELL32.dll
0x000007fefdd10000 - 0x000007fefdf13000 	C:\Windows\system32\ole32.dll
0x000007fefcd10000 - 0x000007fefcd1f000 	C:\Windows\system32\profapi.dll
0x0000000064a90000 - 0x0000000064c28000 	C:\Program Files\Java\jdk1.8.0_25\jre\bin\awt.dll
0x000007fefd1c0000 - 0x000007fefd297000 	C:\Windows\system32\OLEAUT32.dll
0x000007fefb8d0000 - 0x000007fefb8e8000 	C:\Windows\system32\DWMAPI.DLL
0x000007fefb4f0000 - 0x000007fefb546000 	C:\Windows\system32\uxtheme.dll
0x000007fee8f00000 - 0x000007fee8f27000 	C:\Program Files (x86)\Raptr\ltc_help64-96675.dll
0x000007fefcf00000 - 0x000007fefcf3b000 	C:\Windows\system32\WINTRUST.dll
0x000007fefcd90000 - 0x000007fefcefd000 	C:\Windows\system32\CRYPT32.dll
0x000007fefcd00000 - 0x000007fefcd0f000 	C:\Windows\system32\MSASN1.dll
0x000007fefcba0000 - 0x000007fefcbaf000 	C:\Windows\system32\CRYPTBASE.dll
0x000007fee7790000 - 0x000007fee798f000 	C:\Windows\system32\d3d9.dll
0x000007fefbdf0000 - 0x000007fefbdfc000 	C:\Windows\system32\VERSION.dll
0x000007fee7780000 - 0x000007fee7787000 	C:\Windows\system32\d3d8thk.dll
0x000007fef3fb0000 - 0x000007fef40be000 	C:\Windows\system32\aticfx64.dll
0x000007fee8e00000 - 0x000007fee8e0f000 	C:\Windows\system32\atiu9p64.dll
0x000007fee6920000 - 0x000007fee704d000 	C:\Windows\system32\atiumd64.dll
0x000000006adf0000 - 0x000000006b20e000 	C:\Windows\system32\atiumd6a.dll
0x0000000065750000 - 0x0000000065797000 	C:\Program Files\Java\jdk1.8.0_25\jre\bin\fontmanager.dll
0x000007fefd5b0000 - 0x000007fefd649000 	C:\Windows\system32\CLBCatQ.DLL
0x000007fefae90000 - 0x000007fefaff1000 	C:\Windows\system32\WindowsCodecs.dll
0x000007fefcb40000 - 0x000007fefcb97000 	C:\Windows\system32\apphelp.dll
0x000007fef4bd0000 - 0x000007fef4c01000 	C:\Users\Sulf\AppData\Roaming\Dropbox\bin\DropboxExt64.25.dll
0x0000000071320000 - 0x00000000713c0000 	C:\Program Files\AVAST Software\Avast\ashShA64.dll
0x000007fef47a0000 - 0x000007fef4abd000 	C:\Windows\system32\msi.dll
0x000007fef4790000 - 0x000007fef479f000 	C:\Windows\system32\AcSignIcon.dll
0x000007fef4200000 - 0x000007fef4765000 	C:\Windows\system32\mfc110u.dll
0x000007fef4120000 - 0x000007fef41f4000 	C:\Windows\system32\MSVCR110.dll
0x000007fef40d0000 - 0x000007fef4105000 	C:\Windows\system32\EhStorShell.dll
0x000007fefd2a0000 - 0x000007fefd477000 	C:\Windows\system32\SETUPAPI.dll
0x000007fefcd40000 - 0x000007fefcd76000 	C:\Windows\system32\CFGMGR32.dll
0x000007fefcff0000 - 0x000007fefd00a000 	C:\Windows\system32\DEVOBJ.dll
0x000007fefb550000 - 0x000007fefb67c000 	C:\Windows\system32\PROPSYS.dll
0x000000006b360000 - 0x000000006b37a000 	C:\Program Files\Java\jdk1.8.0_25\jre\bin\net.dll
0x000007fefc4e0000 - 0x000007fefc535000 	C:\Windows\system32\mswsock.dll
0x000007fefc4d0000 - 0x000007fefc4d7000 	C:\Windows\System32\wship6.dll
0x000000006b2f0000 - 0x000000006b301000 	C:\Program Files\Java\jdk1.8.0_25\jre\bin\nio.dll
0x0000000067060000 - 0x00000000670a1000 	C:\Program Files\Java\jdk1.8.0_25\jre\bin\t2k.dll
0x000007fefc540000 - 0x000007fefc558000 	C:\Windows\system32\CRYPTSP.dll
0x000007fefc240000 - 0x000007fefc287000 	C:\Windows\system32\rsaenh.dll
0x000007fefe320000 - 0x000007fefe339000 	C:\Windows\system32\imagehlp.dll
0x000007fefc6c0000 - 0x000007fefc710000 	C:\Windows\system32\ncrypt.dll
0x000007fefc690000 - 0x000007fefc6b2000 	C:\Windows\system32\bcrypt.dll
0x000007fefc180000 - 0x000007fefc1cc000 	C:\Windows\system32\bcryptprimitives.dll
0x000007fefd0a0000 - 0x000007fefd0be000 	C:\Windows\system32\USERENV.dll
0x000007fefbfc0000 - 0x000007fefbfdb000 	C:\Windows\system32\GPAPI.dll
0x000007fef9250000 - 0x000007fef9277000 	C:\Windows\system32\cryptnet.dll
0x000007fefd0c0000 - 0x000007fefd112000 	C:\Windows\system32\WLDAP32.dll
0x000007fefac50000 - 0x000007fefac59000 	C:\Windows\system32\SensApi.dll
0x000007fee25d0000 - 0x000007fee27e4000 	C:\Program Files (x86)\Raptr\ltc_game64-96675.dll
0x000007fefd9e0000 - 0x000007fefdc28000 	C:\Windows\system32\WININET.dll
0x000007fefcf40000 - 0x000007fefcf44000 	C:\Windows\system32\api-ms-win-downlevel-user32-l1-1-0.dll
0x000007fefcd80000 - 0x000007fefcd84000 	C:\Windows\system32\api-ms-win-downlevel-shlwapi-l1-1-0.dll
0x000007fefcd30000 - 0x000007fefcd34000 	C:\Windows\system32\api-ms-win-downlevel-version-l1-1-0.dll
0x000007fefd090000 - 0x000007fefd093000 	C:\Windows\system32\api-ms-win-downlevel-normaliz-l1-1-0.dll
0x0000000077100000 - 0x0000000077103000 	C:\Windows\system32\normaliz.DLL
0x000007fefe050000 - 0x000007fefe317000 	C:\Windows\system32\iertutil.dll
0x000007fefcd20000 - 0x000007fefcd25000 	C:\Windows\system32\api-ms-win-downlevel-advapi32-l1-1-0.dll
0x000007fef1fd0000 - 0x000007fef20f5000 	C:\Windows\system32\dbghelp.dll

VM Arguments:
jvm_args: -Dfile.encoding=UTF-8 
java_command: cwany.zarost.CwanyZarost
java_class_path (initial): C:\Users\Sulf\Documents\NetBeansProjects\cwany zarost\build\classes
Launcher Type: SUN_STANDARD

Environment Variables:
PATH=C:\Program Files\Microsoft HPC Pack 2008 R2\Bin\;C:\ProgramData\Oracle\Java\javapath;C:\Program Files (x86)\AMD APP\bin\x86_64;C:\Program Files (x86)\AMD APP\bin\x86;C:\Windows\system32;C:\Windows;C:\Windows\System32\Wbem;C:\Windows\System32\WindowsPowerShell\v1.0\;C:\Program Files (x86)\ATI Technologies\ATI.ACE\Core-Static;C:\Program Files (x86)\Microsoft SQL Server\100\Tools\Binn\;C:\Program Files\Microsoft SQL Server\100\Tools\Binn\;C:\Program Files\Microsoft SQL Server\100\DTS\Binn\;D:\MATLAB\R2011a\runtime\win64;D:\MATLAB\R2011a\bin;C:\Program Files\OpenVPN\bin;C:\Program Files\Samsung\AllShare Framework DMS\1.3.23\;C:\Program Files\Samsung\AllShare Framework DMS\1.3.23\64bit\;D:\Jebaqus\Commands
USERNAME=Sulf
OS=Windows_NT
PROCESSOR_IDENTIFIER=Intel64 Family 6 Model 23 Stepping 10, GenuineIntel



---------------  S Y S T E M  ---------------

OS: Windows 7 , 64 bit Build 7601 Service Pack 1

CPU:total 2 (2 cores per cpu, 1 threads per core) family 6 model 23 stepping 10, cmov, cx8, fxsr, mmx, sse, sse2, sse3, ssse3, sse4.1, tsc

Memory: 4k page, physical 4160704k(888188k free), swap 8319552k(3681460k free)

vm_info: Java HotSpot(TM) 64-Bit Server VM (25.25-b02) for windows-amd64 JRE (1.8.0_25-b18), built on Oct  7 2014 14:25:37 by "java_re" with MS VC++ 10.0 (VS2010)

time: Tue Jun 09 22:56:00 2015
elapsed time: 91 seconds (0d 0h 1m 31s)

